0 info it worked if it ends with ok
1 verbose cli [ 'C:\\Program Files\\nodejs\\node.exe',
1 verbose cli   'C:\\Program Files\\nodejs\\node_modules\\npm\\bin\\npm-cli.js',
1 verbose cli   'run',
1 verbose cli   'dev' ]
2 info using npm@3.10.10
3 info using node@v6.11.3
4 verbose run-script [ 'predev', 'dev', 'postdev' ]
5 info lifecycle react-server-side2311@1.0.0~predev: react-server-side2311@1.0.0
6 silly lifecycle react-server-side2311@1.0.0~predev: no script for predev, continuing
7 info lifecycle react-server-side2311@1.0.0~dev: react-server-side2311@1.0.0
8 verbose lifecycle react-server-side2311@1.0.0~dev: unsafe-perm in lifecycle true
9 verbose lifecycle react-server-side2311@1.0.0~dev: PATH: C:\Program Files\nodejs\node_modules\npm\bin\node-gyp-bin;C:\Users\usr0102382\Desktop\ReacJS_Redux\redux-kpt\node_modules\.bin;C:\Users\usr0102382\bin;C:\Program Files\Git\mingw64\bin;C:\Program Files\Git\usr\local\bin;C:\Program Files\Git\usr\bin;C:\Program Files\Git\usr\bin;C:\Program Files\Git\mingw64\bin;C:\Program Files\Git\usr\bin;C:\Users\usr0102382\bin;C:\ProgramData\Oracle\Java\javapath;%JAVA_HOME%\bin;C:\Program Files (x86)\Intel\iCLS Client;C:\Program Files\Intel\iCLS Client;C:\Windows\system32;C:\Windows;C:\Windows\System32\Wbem;C:\Windows\System32\WindowsPowerShell\v1.0;C:\Program Files (x86)\Intel\Intel(R) Management Engine Components\DAL;C:\Program Files\Intel\Intel(R) Management Engine Components\DAL;C:\Program Files (x86)\Intel\Intel(R) Management Engine Components\IPT;C:\Program Files\Intel\Intel(R) Management Engine Components\IPT;C:\Program Files\Intel\WiFi\bin;C:\Program Files\Common Files\Intel\WirelessCommon;C:\Program Files (x86)\Skype\Phone;C:\Program Files\Git\cmd;C:\HashiCorp\Vagrant\bin;D:\Software\apache-maven-3.0.5\bin;D:\Software\ant\apache-ant-1.7.1\bin;C:\Program Files\OpenVPN\bin;C:\Program Files\nodejs;C:\Users\usr0102382\AppData\Roaming\npm;C:\Program Files\Microsoft VS Code\bin;C:\Users\usr0102382\AppData\Local\atom\bin;C:\Program Files\Git\usr\bin\vendor_perl;C:\Program Files\Git\usr\bin\core_perl
10 verbose lifecycle react-server-side2311@1.0.0~dev: CWD: C:\Users\usr0102382\Desktop\ReacJS_Redux\redux-kpt
11 silly lifecycle react-server-side2311@1.0.0~dev: Args: [ '/d /s /c', 'webpack -d --watch' ]
12 silly lifecycle react-server-side2311@1.0.0~dev: Returned: code: 1073807364  signal: null
13 info lifecycle react-server-side2311@1.0.0~dev: Failed to exec dev script
14 verbose stack Error: react-server-side2311@1.0.0 dev: `webpack -d --watch`
14 verbose stack Exit status 1073807364
14 verbose stack     at EventEmitter.<anonymous> (C:\Program Files\nodejs\node_modules\npm\lib\utils\lifecycle.js:255:16)
14 verbose stack     at emitTwo (events.js:106:13)
14 verbose stack     at EventEmitter.emit (events.js:191:7)
14 verbose stack     at ChildProcess.<anonymous> (C:\Program Files\nodejs\node_modules\npm\lib\utils\spawn.js:40:14)
14 verbose stack     at emitTwo (events.js:106:13)
14 verbose stack     at ChildProcess.emit (events.js:191:7)
14 verbose stack     at maybeClose (internal/child_process.js:920:16)
14 verbose stack     at Process.ChildProcess._handle.onexit (internal/child_process.js:230:5)
15 verbose pkgid react-server-side2311@1.0.0
16 verbose cwd C:\Users\usr0102382\Desktop\ReacJS_Redux\redux-kpt
17 error Windows_NT 6.1.7601
18 error argv "C:\\Program Files\\nodejs\\node.exe" "C:\\Program Files\\nodejs\\node_modules\\npm\\bin\\npm-cli.js" "run" "dev"
19 error node v6.11.3
20 error npm  v3.10.10
21 error code ELIFECYCLE
22 error react-server-side2311@1.0.0 dev: `webpack -d --watch`
22 error Exit status 1073807364
23 error Failed at the react-server-side2311@1.0.0 dev script 'webpack -d --watch'.
23 error Make sure you have the latest version of node.js and npm installed.
23 error If you do, this is most likely a problem with the react-server-side2311 package,
23 error not with npm itself.
23 error Tell the author that this fails on your system:
23 error     webpack -d --watch
23 error You can get information on how to open an issue for this project with:
23 error     npm bugs react-server-side2311
23 error Or if that isn't available, you can get their info via:
23 error     npm owner ls react-server-side2311
23 error There is likely additional logging output above.
24 verbose exit [ 1, true ]
